2024-12-06 22:50:31,709 - INFO - Logger configurado correctamente
2024-12-06 22:51:27,624 - INFO - Logger configurado correctamente
2024-12-06 22:51:28,517 - INFO - Base de datos creada o ya existente.
2024-12-06 22:51:28,519 - INFO - Juego reiniciado
2024-12-06 22:51:39,304 - INFO - Puntaje guardado: 110 en la fecha 2024-12-06 22:51:39
2024-12-06 22:51:39,304 - INFO - Fin del juego. Puntaje final: 110
2024-12-07 16:57:21,144 - INFO - Logger configurado correctamente
2024-12-07 16:57:21,629 - INFO - Base de datos creada o ya existente.
2024-12-07 16:57:21,630 - INFO - Juego reiniciado
2024-12-07 16:57:31,235 - INFO - Puntaje guardado: 80 en la fecha 2024-12-07 16:57:31
2024-12-07 16:57:31,235 - INFO - Fin del juego. Puntaje final: 80
2024-12-07 16:57:42,908 - INFO - Juego reiniciado
2024-12-07 16:58:02,166 - INFO - Puntaje guardado: 210 en la fecha 2024-12-07 16:58:02
2024-12-07 16:58:02,166 - INFO - Fin del juego. Puntaje final: 210
2024-12-07 16:58:05,517 - INFO - Logger configurado correctamente
2024-12-07 16:58:05,867 - INFO - Base de datos creada o ya existente.
2024-12-07 16:58:05,868 - INFO - Juego reiniciado
2024-12-07 17:03:30,702 - INFO - Logger configurado correctamente
2024-12-07 17:03:31,341 - INFO - Base de datos creada o ya existente.
2024-12-07 17:03:31,342 - INFO - Juego reiniciado
2024-12-07 17:09:12,941 - INFO - Logger configurado correctamente
2024-12-07 17:09:13,616 - INFO - Base de datos creada o ya existente.
2024-12-07 17:09:13,616 - INFO - Juego reiniciado
2024-12-07 17:09:20,560 - INFO - Puntaje guardado: 50 en la fecha 2024-12-07 17:09:20
2024-12-07 17:09:20,560 - INFO - Fin del juego. Puntaje final: 50
2024-12-07 17:15:13,441 - INFO - Logger configurado correctamente
2024-12-07 17:15:14,276 - INFO - Base de datos creada o ya existente.
2024-12-07 17:15:14,276 - INFO - Juego reiniciado
2024-12-07 17:15:15,745 - INFO - Puntaje guardado: 20 en la fecha 2024-12-07 17:15:15
2024-12-07 17:15:15,745 - INFO - Fin del juego. Puntaje final: 20
2024-12-07 17:15:21,532 - INFO - Juego reiniciado
2024-12-07 17:15:24,708 - INFO - Puntaje guardado: 20 en la fecha 2024-12-07 17:15:24
2024-12-07 17:15:24,708 - INFO - Fin del juego. Puntaje final: 20
2024-12-07 17:15:25,478 - INFO - Juego reiniciado
2024-12-07 17:15:32,311 - INFO - Puntaje guardado: 50 en la fecha 2024-12-07 17:15:32
2024-12-07 17:15:32,311 - INFO - Fin del juego. Puntaje final: 50
2024-12-07 17:15:32,890 - INFO - Juego reiniciado
2024-12-07 17:15:34,350 - INFO - Puntaje guardado: 20 en la fecha 2024-12-07 17:15:34
2024-12-07 17:15:34,351 - INFO - Fin del juego. Puntaje final: 20
2024-12-07 17:15:34,886 - INFO - Juego reiniciado
2024-12-07 17:15:36,284 - INFO - Puntaje guardado: 10 en la fecha 2024-12-07 17:15:36
2024-12-07 17:15:36,285 - INFO - Fin del juego. Puntaje final: 10
2024-12-07 17:15:36,881 - INFO - Juego reiniciado
2024-12-07 17:15:38,975 - INFO - Puntaje guardado: 40 en la fecha 2024-12-07 17:15:38
2024-12-07 17:15:38,976 - INFO - Fin del juego. Puntaje final: 40
2024-12-07 17:15:40,312 - INFO - Juego reiniciado
2024-12-07 17:15:43,554 - INFO - Puntaje guardado: 30 en la fecha 2024-12-07 17:15:43
2024-12-07 17:15:43,554 - INFO - Fin del juego. Puntaje final: 30
2024-12-07 17:15:44,265 - INFO - Juego reiniciado
2024-12-07 17:15:50,484 - INFO - Puntaje guardado: 30 en la fecha 2024-12-07 17:15:50
2024-12-07 17:15:50,484 - INFO - Fin del juego. Puntaje final: 30
2024-12-07 17:19:43,616 - INFO - Logger configurado correctamente
2024-12-07 17:19:44,312 - INFO - Base de datos creada o ya existente.
2024-12-07 17:19:44,312 - INFO - Juego reiniciado
2024-12-07 17:19:47,634 - INFO - Puntaje guardado: 40 en la fecha 2024-12-07 17:19:47
2024-12-07 17:19:47,634 - INFO - Fin del juego. Puntaje final: 40
2024-12-07 17:19:50,828 - INFO - Juego reiniciado
2024-12-07 17:20:02,477 - INFO - Puntaje guardado: 120 en la fecha 2024-12-07 17:20:02
2024-12-07 17:20:02,477 - INFO - Fin del juego. Puntaje final: 120
2024-12-07 17:20:03,168 - INFO - Juego reiniciado
2024-12-07 17:20:07,436 - INFO - Puntaje guardado: 30 en la fecha 2024-12-07 17:20:07
2024-12-07 17:20:07,437 - INFO - Fin del juego. Puntaje final: 30
2024-12-07 17:20:07,909 - INFO - Juego reiniciado
2024-12-07 17:20:12,715 - INFO - Puntaje guardado: 50 en la fecha 2024-12-07 17:20:12
2024-12-07 17:20:12,715 - INFO - Fin del juego. Puntaje final: 50
2024-12-07 17:20:14,153 - INFO - Juego reiniciado
2024-12-07 17:20:16,956 - INFO - Puntaje guardado: 30 en la fecha 2024-12-07 17:20:16
2024-12-07 17:20:16,956 - INFO - Fin del juego. Puntaje final: 30
2024-12-07 17:20:17,423 - INFO - Juego reiniciado
2024-12-07 17:20:24,931 - INFO - Puntaje guardado: 90 en la fecha 2024-12-07 17:20:24
2024-12-07 17:20:24,931 - INFO - Fin del juego. Puntaje final: 90
2024-12-07 17:20:25,573 - INFO - Juego reiniciado
2024-12-07 17:20:27,279 - INFO - Puntaje guardado: 20 en la fecha 2024-12-07 17:20:27
2024-12-07 17:20:27,280 - INFO - Fin del juego. Puntaje final: 20
2024-12-07 17:20:28,645 - INFO - Logger configurado correctamente
2024-12-07 17:20:28,917 - INFO - Base de datos creada o ya existente.
2024-12-07 17:20:28,918 - INFO - Juego reiniciado
2024-12-07 17:21:10,988 - INFO - Logger configurado correctamente
2024-12-07 17:21:11,673 - INFO - Base de datos creada o ya existente.
2024-12-07 17:21:11,674 - INFO - Juego reiniciado
2024-12-07 17:21:14,052 - INFO - Puntaje guardado: 50 en la fecha 2024-12-07 17:21:14
2024-12-07 17:21:14,053 - INFO - Fin del juego. Puntaje final: 50
2024-12-07 17:21:45,938 - INFO - Logger configurado correctamente
2024-12-07 17:21:46,582 - INFO - Base de datos creada o ya existente.
2024-12-07 17:21:46,583 - INFO - Juego reiniciado
2024-12-07 17:21:53,925 - INFO - Puntaje guardado: 50 en la fecha 2024-12-07 17:21:53
2024-12-07 17:21:53,925 - INFO - Fin del juego. Puntaje final: 50
2024-12-07 17:21:57,205 - INFO - Juego reiniciado
2024-12-07 17:22:01,638 - INFO - Puntaje guardado: 20 en la fecha 2024-12-07 17:22:01
2024-12-07 17:22:01,638 - INFO - Fin del juego. Puntaje final: 20
2024-12-07 17:22:41,514 - INFO - Logger configurado correctamente
2024-12-07 17:22:42,213 - INFO - Base de datos creada o ya existente.
2024-12-07 17:22:42,213 - INFO - Juego reiniciado
2024-12-07 17:22:45,437 - INFO - Puntaje guardado: 40 en la fecha 2024-12-07 17:22:45
2024-12-07 17:22:45,437 - INFO - Fin del juego. Puntaje final: 40
2024-12-07 17:22:48,058 - INFO - Juego reiniciado
2024-12-07 17:23:01,116 - INFO - Puntaje guardado: 230 en la fecha 2024-12-07 17:23:01
2024-12-07 17:23:01,116 - INFO - Fin del juego. Puntaje final: 230
2024-12-07 17:23:01,965 - INFO - Juego reiniciado
2024-12-07 17:23:03,266 - INFO - Puntaje guardado: 0 en la fecha 2024-12-07 17:23:03
2024-12-07 17:23:03,266 - INFO - Fin del juego. Puntaje final: 0
2024-12-07 17:23:03,813 - INFO - Juego reiniciado
2024-12-07 17:23:16,020 - INFO - Puntaje guardado: 70 en la fecha 2024-12-07 17:23:16
2024-12-07 17:23:16,021 - INFO - Fin del juego. Puntaje final: 70
2024-12-07 17:24:17,439 - INFO - Juego reiniciado
2024-12-07 17:24:22,946 - INFO - Puntaje guardado: 30 en la fecha 2024-12-07 17:24:22
2024-12-07 17:24:22,946 - INFO - Fin del juego. Puntaje final: 30
2024-12-07 17:26:08,643 - INFO - Logger configurado correctamente
2024-12-07 17:26:09,319 - INFO - Base de datos creada o ya existente.
2024-12-07 17:26:09,319 - INFO - Juego reiniciado
2024-12-07 17:26:17,210 - INFO - Puntaje guardado: 40 en la fecha 2024-12-07 17:26:17
2024-12-07 17:26:17,210 - INFO - Fin del juego. Puntaje final: 40
2024-12-07 17:26:19,217 - INFO - Juego reiniciado
2024-12-07 17:26:20,659 - INFO - Puntaje guardado: 20 en la fecha 2024-12-07 17:26:20
2024-12-07 17:26:20,659 - INFO - Fin del juego. Puntaje final: 20
2024-12-07 17:26:21,762 - INFO - Juego reiniciado
2024-12-07 17:26:24,598 - INFO - Puntaje guardado: 30 en la fecha 2024-12-07 17:26:24
2024-12-07 17:26:24,598 - INFO - Fin del juego. Puntaje final: 30
2024-12-07 17:26:25,061 - INFO - Juego reiniciado
2024-12-07 17:26:32,954 - INFO - Puntaje guardado: 50 en la fecha 2024-12-07 17:26:32
2024-12-07 17:26:32,954 - INFO - Fin del juego. Puntaje final: 50
2024-12-07 17:26:33,481 - INFO - Juego reiniciado
2024-12-07 17:26:36,427 - INFO - Puntaje guardado: 40 en la fecha 2024-12-07 17:26:36
2024-12-07 17:26:36,427 - INFO - Fin del juego. Puntaje final: 40
2024-12-07 17:26:37,170 - INFO - Juego reiniciado
2024-12-07 17:26:57,295 - INFO - Puntaje guardado: 150 en la fecha 2024-12-07 17:26:57
2024-12-07 17:26:57,295 - INFO - Fin del juego. Puntaje final: 150
2024-12-07 17:28:33,338 - INFO - Juego reiniciado
2024-12-07 17:28:42,912 - INFO - Logger configurado correctamente
2024-12-07 17:28:43,153 - INFO - Base de datos creada o ya existente.
2024-12-07 17:28:43,153 - INFO - Juego reiniciado
2024-12-07 17:29:19,392 - INFO - Puntaje guardado: 230 en la fecha 2024-12-07 17:29:19
2024-12-07 17:29:19,393 - INFO - Fin del juego. Puntaje final: 230
2024-12-07 17:29:34,927 - INFO - Juego reiniciado
